<?xml version="1.0" encoding="UTF-8"?>
<testsuite name="ru.itmo.tpo.trigonometry.TanTest" tests="4" skipped="0" failures="0" errors="0" timestamp="2024-04-05T07:19:47" hostname="MPro--k1b.local" time="0.268">
  <properties/>
  <testcase name="[1] InputData[x=0, expected=0.000000, precision=0.000010]" classname="ru.itmo.tpo.trigonometry.TanTest" time="0.242"/>
  <testcase name="[2] InputData[x=1, expected=1.5574, precision=0.00010]" classname="ru.itmo.tpo.trigonometry.TanTest" time="0.004"/>
  <testcase name="[3] InputData[x=-1, expected=-1.5574, precision=0.00010]" classname="ru.itmo.tpo.trigonometry.TanTest" time="0.007"/>
  <testcase name="calculate_correctlyCallsSinAndCosMock()" classname="ru.itmo.tpo.trigonometry.TanTest" time="0.01"/>
  <system-out><![CDATA[]]></system-out>
  <system-err><![CDATA[]]></system-err>
</testsuite>
